C:\VS PROJECTS\RENDERING_TOONSHADING\RENDERING_TOONSHADING\DEBUG\CAMERA.OBJ
C:\VS PROJECTS\RENDERING_TOONSHADING\RENDERING_TOONSHADING\DEBUG\MAIN.OBJ
C:\VS PROJECTS\RENDERING_TOONSHADING\RENDERING_TOONSHADING\DEBUG\MESH.OBJ
C:\VS PROJECTS\RENDERING_TOONSHADING\RENDERING_TOONSHADING\DEBUG\RIGIDBODY.OBJ
C:\VS PROJECTS\RENDERING_TOONSHADING\RENDERING_TOONSHADING\DEBUG\SHADERMANAGER.OBJ
C:\VS PROJECTS\RENDERING_TOONSHADING\RENDERING_TOONSHADING\DEBUG\SHADERS.OBJ
C:\VS PROJECTS\RENDERING_TOONSHADING\RENDERING_TOONSHADING\DEBUG\VC110.PDB
C:\VS PROJECTS\RENDERING_TOONSHADING\RENDERING_TOONSHADING\DEBUG\STB_IMAGE.OBJ
C:\VS PROJECTS\RENDERING_TOONSHADING\RENDERING_TOONSHADING\DEBUG\MULTITOONSHADERS.OBJ
C:\VS PROJECTS\RENDERING_TOONSHADING\DEBUG\RENDERING_TOONSHADING.ILK
C:\VS PROJECTS\RENDERING_TOONSHADING\DEBUG\RENDERING_TOONSHADING.EXE
C:\VS PROJECTS\RENDERING_TOONSHADING\DEBUG\RENDERING_TOONSHADING.PDB
C:\VS Projects\Rendering_ToonShading\Rendering_ToonShading\Debug\Camera.obj
C:\VS Projects\Rendering_ToonShading\Rendering_ToonShading\Debug\main.obj
C:\VS Projects\Rendering_ToonShading\Rendering_ToonShading\Debug\Mesh.obj
C:\VS Projects\Rendering_ToonShading\Rendering_ToonShading\Debug\MultiToonShaders.obj
C:\VS Projects\Rendering_ToonShading\Rendering_ToonShading\Debug\RigidBody.obj
C:\VS Projects\Rendering_ToonShading\Rendering_ToonShading\Debug\ShaderManager.obj
C:\VS Projects\Rendering_ToonShading\Rendering_ToonShading\Debug\Shaders.obj
C:\VS Projects\Rendering_ToonShading\Rendering_ToonShading\Debug\stb_image.obj
C:\VS Projects\Rendering_ToonShading\Rendering_ToonShading\Debug\cl.command.1.tlog
C:\VS Projects\Rendering_ToonShading\Rendering_ToonShading\Debug\CL.read.1.tlog
C:\VS Projects\Rendering_ToonShading\Rendering_ToonShading\Debug\CL.write.1.tlog
C:\VS Projects\Rendering_ToonShading\Rendering_ToonShading\Debug\link-cvtres.read.1.tlog
C:\VS Projects\Rendering_ToonShading\Rendering_ToonShading\Debug\link-cvtres.write.1.tlog
C:\VS Projects\Rendering_ToonShading\Rendering_ToonShading\Debug\link-rc.read.1.tlog
C:\VS Projects\Rendering_ToonShading\Rendering_ToonShading\Debug\link-rc.write.1.tlog
C:\VS Projects\Rendering_ToonShading\Rendering_ToonShading\Debug\link.4640-cvtres.read.1.tlog
C:\VS Projects\Rendering_ToonShading\Rendering_ToonShading\Debug\link.4640-cvtres.write.1.tlog
C:\VS Projects\Rendering_ToonShading\Rendering_ToonShading\Debug\link.4640-rc.read.1.tlog
C:\VS Projects\Rendering_ToonShading\Rendering_ToonShading\Debug\link.4640-rc.write.1.tlog
C:\VS Projects\Rendering_ToonShading\Rendering_ToonShading\Debug\link.4640.read.1.tlog
C:\VS Projects\Rendering_ToonShading\Rendering_ToonShading\Debug\link.4640.write.1.tlog
C:\VS Projects\Rendering_ToonShading\Rendering_ToonShading\Debug\link.5608-cvtres.read.1.tlog
C:\VS Projects\Rendering_ToonShading\Rendering_ToonShading\Debug\link.5608-cvtres.write.1.tlog
C:\VS Projects\Rendering_ToonShading\Rendering_ToonShading\Debug\link.5608-rc.read.1.tlog
C:\VS Projects\Rendering_ToonShading\Rendering_ToonShading\Debug\link.5608-rc.write.1.tlog
C:\VS Projects\Rendering_ToonShading\Rendering_ToonShading\Debug\link.5608.read.1.tlog
C:\VS Projects\Rendering_ToonShading\Rendering_ToonShading\Debug\link.5608.write.1.tlog
C:\VS Projects\Rendering_ToonShading\Rendering_ToonShading\Debug\link.6384-cvtres.read.1.tlog
C:\VS Projects\Rendering_ToonShading\Rendering_ToonShading\Debug\link.6384-cvtres.write.1.tlog
C:\VS Projects\Rendering_ToonShading\Rendering_ToonShading\Debug\link.6384-rc.read.1.tlog
C:\VS Projects\Rendering_ToonShading\Rendering_ToonShading\Debug\link.6384-rc.write.1.tlog
C:\VS Projects\Rendering_ToonShading\Rendering_ToonShading\Debug\link.6384.read.1.tlog
C:\VS Projects\Rendering_ToonShading\Rendering_ToonShading\Debug\link.6384.write.1.tlog
C:\VS Projects\Rendering_ToonShading\Rendering_ToonShading\Debug\link.7580-cvtres.read.1.tlog
C:\VS Projects\Rendering_ToonShading\Rendering_ToonShading\Debug\link.7580-cvtres.write.1.tlog
C:\VS Projects\Rendering_ToonShading\Rendering_ToonShading\Debug\link.7580-rc.read.1.tlog
C:\VS Projects\Rendering_ToonShading\Rendering_ToonShading\Debug\link.7580-rc.write.1.tlog
C:\VS Projects\Rendering_ToonShading\Rendering_ToonShading\Debug\link.7580.read.1.tlog
C:\VS Projects\Rendering_ToonShading\Rendering_ToonShading\Debug\link.7580.write.1.tlog
C:\VS Projects\Rendering_ToonShading\Rendering_ToonShading\Debug\link.command.1.tlog
C:\VS Projects\Rendering_ToonShading\Rendering_ToonShading\Debug\link.read.1.tlog
C:\VS Projects\Rendering_ToonShading\Rendering_ToonShading\Debug\link.write.1.tlog
C:\VS Projects\Rendering_ToonShading\Rendering_ToonShading\Debug\vc110.idb
C:\VS Projects\Rendering_ToonShading\Rendering_ToonShading\Debug\vc110.pdb
C:\VS Projects\Rendering_ToonShading\Debug\Rendering_ToonShading.pdb
C:\VS Projects\Rendering_ToonShading\Debug\Rendering_ToonShading.exe
C:\VS Projects\Rendering_ToonShading\Debug\Rendering_ToonShading.ilk
